<?xml version="1.0" encoding="UTF-8"?>
<!-- Generated by org.testng.reporters.JUnitReportReporter -->
<testsuite hostname="DESKTOP-IDI82HQ" failures="0" tests="1" name="DS_Algo_TestMethods.Getstarted" time="1.589" errors="0" timestamp="2022-01-20T18:27:12 CST" skipped="0">
  <testcase classname="DS_Algo_TestMethods.Getstarted" name="Getstarted" time="1.589"/>
  <system-out/>
</testsuite> <!-- DS_Algo_TestMethods.Getstarted -->
